[WARN][aof.go:91] 2024/06/04 16:14:48 open appendonly.aof: The system cannot find the file specified.
[INFO][server.go:35] 2024/06/04 17:53:22 start listen
[INFO][server.go:35] 2024/06/04 18:00:29 start listen
[INFO][server.go:35] 2024/06/04 18:02:04 start listen
[INFO][server.go:62] 2024/06/04 18:02:12 accepted link
[INFO][handler.go:75] 2024/06/04 18:02:51 connection closed: 127.0.0.1:9969
[INFO][server.go:45] 2024/06/04 18:02:54 shutting down
[INFO][handler.go:110] 2024/06/04 18:02:54 handler shutting down...
[WARN][aof.go:91] 2024/06/04 18:04:26 open appendonly.aof: The system cannot find the file specified.
[ERROR][main.go:44] 2024/06/04 18:04:26 listen tcp 0.0.0.0:6379: bind: Only one usage of each socket address (protocol/network address/port) is normally permitted.
[ERROR][main.go:44] 2024/06/04 18:04:31 listen tcp 0.0.0.0:6379: bind: Only one usage of each socket address (protocol/network address/port) is normally permitted.
[INFO][server.go:35] 2024/06/04 18:05:57 start listen
[INFO][server.go:45] 2024/06/04 18:06:03 shutting down
[INFO][handler.go:110] 2024/06/04 18:06:03 handler shutting down...
[ERROR][main.go:44] 2024/06/04 18:08:03 listen tcp 0.0.0.0:6379: bind: Only one usage of each socket address (protocol/network address/port) is normally permitted.
[ERROR][main.go:44] 2024/06/04 18:08:08 listen tcp 0.0.0.0:6379: bind: Only one usage of each socket address (protocol/network address/port) is normally permitted.
[INFO][server.go:35] 2024/06/04 18:09:03 start listen
[INFO][server.go:45] 2024/06/04 18:09:13 shutting down
[INFO][handler.go:110] 2024/06/04 18:09:13 handler shutting down...
[INFO][server.go:35] 2024/06/04 18:09:16 start listen
[INFO][server.go:62] 2024/06/04 18:09:20 accepted link
[ERROR][handler.go:91] 2024/06/04 18:10:29 empty payload
[ERROR][handler.go:96] 2024/06/04 18:10:29 require multi bulk reply
[ERROR][parser.go:48] 2024/06/04 18:12:04 goroutine 5 [running]:
runtime/debug.Stack()
	D:/Go/src/runtime/debug/stack.go:24 +0x7a
GoRedis/resp/parser.parse0.func1()
	C:/Users/14431/Desktop/GoRedis/resp/parser/parser.go:48 +0x51
panic({0x1004220, 0xc00012d290})
	D:/Go/src/runtime/panic.go:1047 +0x262
GoRedis/resp/parser.readLine(0xc000068120, 0xc000109f58)
	C:/Users/14431/Desktop/GoRedis/resp/parser/parser.go:162 +0x574
GoRedis/resp/parser.parse0({0x2163dd60008, 0xc00014c040}, 0xc000014240)
	C:/Users/14431/Desktop/GoRedis/resp/parser/parser.go:59 +0x125
created by GoRedis/resp/parser.ParseStream
	C:/Users/14431/Desktop/GoRedis/resp/parser/parser.go:26 +0xdd

[WARN][aof.go:91] 2024/06/04 18:12:49 open appendonly.aof: The system cannot find the file specified.
[INFO][server.go:35] 2024/06/04 18:12:49 start listen
[INFO][server.go:62] 2024/06/04 18:13:15 accepted link
[INFO][handler.go:75] 2024/06/04 18:14:53 connection closed: 127.0.0.1:10142
[INFO][server.go:35] 2024/06/04 18:15:12 start listen
[INFO][server.go:45] 2024/06/04 18:16:27 shutting down
[INFO][handler.go:110] 2024/06/04 18:16:27 handler shutting down...
[INFO][handler.go:110] 2024/06/04 18:16:27 handler shutting down...
[WARN][aof.go:91] 2024/06/04 18:56:16 open appendonly.aof: The system cannot find the file specified.
[INFO][server.go:35] 2024/06/04 18:56:16 start listen
[INFO][server.go:62] 2024/06/04 18:56:26 accepted link
[INFO][server.go:45] 2024/06/04 18:57:56 shutting down
[INFO][handler.go:110] 2024/06/04 18:57:56 handler shutting down...
[INFO][handler.go:75] 2024/06/04 18:57:56 connection closed: 127.0.0.1:3880
[INFO][handler.go:110] 2024/06/04 18:57:56 handler shutting down...
[WARN][aof.go:91] 2024/06/04 18:58:22 open appendonly.aof: The system cannot find the file specified.
[INFO][server.go:35] 2024/06/04 18:58:22 start listen
[INFO][server.go:62] 2024/06/04 18:58:22 accepted link
[INFO][handler.go:75] 2024/06/04 18:58:26 connection closed: 127.0.0.1:4073
[INFO][server.go:62] 2024/06/04 18:58:42 accepted link
